2023-12-13 20:49:08,840 INFO  [org.jboss.modules] (main) JBoss Modules version 2.0.3.Final
2023-12-13 20:49:09,279 INFO  [org.jboss.msc] (main) JBoss MSC version 1.4.13.Final
2023-12-13 20:49:09,286 INFO  [org.jboss.threads] (main) JBoss Threads version 2.4.0.Final
2023-12-13 20:49:09,378 INFO  [org.jboss.as] (MSC service thread 1-2) WFLYSRV0049: WildFly Full 27.0.1.Final (WildFly Core 19.0.1.Final) starting
2023-12-13 20:49:09,379 DEBUG [org.jboss.as.config] (MSC service thread 1-2) Configured system properties:
	[Standalone] = 
	file.encoding = Cp1252
	file.separator = \
	java.awt.headless = true
	java.class.path = E:\programming\java\study\jakartaee-hello-world\target\server\jboss-modules.jar
	java.class.version = 61.0
	java.home = C:\Program Files\Java\jdk-17.0.2
	java.io.tmpdir = C:\Users\heber\AppData\Local\Temp\
	java.library.path = C:\Program Files\Java\jdk-17.0.2\bin;C:\Windows\Sun\Java\bin;C:\Windows\system32;C:\Windows;C:\Program Files\Common Files\Oracle\Java\javapath;C:\Windows\system32;C:\Windows;C:\Windows\System32\Wbem;C:\Windows\System32\WindowsPowerShell\v1.0\;C:\Windows\System32\OpenSSH\;C:\ProgramData\chocolatey\bin;C:\Program Files\nodejs\;C:\Program Files\Git\cmd;C:\Program Files\Docker\Docker\resources\bin;C:\Program Files\NVIDIA Corporation\NVIDIA NvDLISR;C:\Program Files (x86)\NVIDIA Corporation\PhysX\Common;D:\apache-maven-3.9.6\bin;C:\Users\heber\AppData\Local\Microsoft\WindowsApps;C:\Users\heber\AppData\Roaming\npm;C:\Users\heber\AppData\Local\Programs\Microsoft VS Code\bin;;.
	java.net.preferIPv4Stack = true
	java.runtime.name = Java(TM) SE Runtime Environment
	java.runtime.version = 17.0.2+8-LTS-86
	java.security.manager = allow
	java.specification.name = Java Platform API Specification
	java.specification.vendor = Oracle Corporation
	java.specification.version = 17
	java.util.logging.manager = org.jboss.logmanager.LogManager
	java.vendor = Oracle Corporation
	java.vendor.url = https://java.oracle.com/
	java.vendor.url.bug = https://bugreport.java.com/bugreport/
	java.version = 17.0.2
	java.version.date = 2022-01-18
	java.vm.compressedOopsMode = 32-bit
	java.vm.info = mixed mode, sharing
	java.vm.name = Java HotSpot(TM) 64-Bit Server VM
	java.vm.specification.name = Java Virtual Machine Specification
	java.vm.specification.vendor = Oracle Corporation
	java.vm.specification.version = 17
	java.vm.vendor = Oracle Corporation
	java.vm.version = 17.0.2+8-LTS-86
	javax.management.builder.initial = org.jboss.as.jmx.PluggableMBeanServerBuilder
	jboss.home.dir = E:\programming\java\study\jakartaee-hello-world\target\server
	jboss.host.name = heberty
	jboss.modules.dir = E:\programming\java\study\jakartaee-hello-world\target\server\modules
	jboss.modules.system.pkgs = org.jboss.byteman
	jboss.node.name = heberty
	jboss.qualified.host.name = heberty
	jboss.server.base.dir = E:\programming\java\study\jakartaee-hello-world\target\server\standalone
	jboss.server.config.dir = E:\programming\java\study\jakartaee-hello-world\target\server\standalone\configuration
	jboss.server.data.dir = E:\programming\java\study\jakartaee-hello-world\target\server\standalone\data
	jboss.server.deploy.dir = E:\programming\java\study\jakartaee-hello-world\target\server\standalone\data\content
	jboss.server.log.dir = E:\programming\java\study\jakartaee-hello-world\target\server\standalone\log
	jboss.server.name = heberty
	jboss.server.persist.config = true
	jboss.server.temp.dir = E:\programming\java\study\jakartaee-hello-world\target\server\standalone\tmp
	jdk.debug = release
	line.separator = 

	logging.configuration = file:E:\programming\java\study\jakartaee-hello-world\target\server\standalone\configuration\logging.properties
	module.path = E:\programming\java\study\jakartaee-hello-world\target\server\modules
	native.encoding = Cp1252
	org.jboss.boot.log.file = E:\programming\java\study\jakartaee-hello-world\target\server\standalone\log\server.log
	org.jboss.resolver.warning = true
	os.arch = amd64
	os.name = Windows 11
	os.version = 10.0
	path.separator = ;
	sun.arch.data.model = 64
	sun.boot.library.path = C:\Program Files\Java\jdk-17.0.2\bin
	sun.cpu.endian = little
	sun.cpu.isalist = amd64
	sun.io.unicode.encoding = UnicodeLittle
	sun.java.command = E:\programming\java\study\jakartaee-hello-world\target\server\jboss-modules.jar -mp E:\programming\java\study\jakartaee-hello-world\target\server\modules org.jboss.as.standalone -c=standalone-full.xml
	sun.java.launcher = SUN_STANDARD
	sun.jnu.encoding = Cp1252
	sun.management.compiler = HotSpot 64-Bit Tiered Compilers
	sun.os.patch.level = 
	sun.stderr.encoding = cp850
	sun.stdout.encoding = cp850
	user.country = GB
	user.country.format = BR
	user.dir = E:\programming\java\study\jakartaee-hello-world
	user.home = C:\Users\heber
	user.language = en
	user.language.format = pt
	user.name = heber
	user.script = 
	user.timezone = America/Sao_Paulo
	user.variant = 
2023-12-13 20:49:09,382 DEBUG [org.jboss.as.config] (MSC service thread 1-2) VM Arguments: -D[Standalone] -Xms64m -Xmx512m -Djava.net.preferIPv4Stack=true -Djava.awt.headless=true -Djboss.modules.system.pkgs=org.jboss.byteman --add-exports=java.base/sun.nio.ch=ALL-UNNAMED --add-exports=jdk.unsupported/sun.reflect=ALL-UNNAMED --add-exports=jdk.unsupported/sun.misc=ALL-UNNAMED --add-modules=java.se --add-exports=java.desktop/sun.awt=ALL-UNNAMED --add-exports=java.naming/com.sun.jndi.ldap=ALL-UNNAMED --add-exports=java.naming/com.sun.jndi.url.ldap=ALL-UNNAMED --add-exports=java.naming/com.sun.jndi.url.ldaps=ALL-UNNAMED --add-exports=jdk.naming.dns/com.sun.jndi.dns=ALL-UNNAMED --add-opens=java.base/java.lang=ALL-UNNAMED --add-opens=java.base/java.lang.invoke=ALL-UNNAMED --add-opens=java.base/java.lang.reflect=ALL-UNNAMED --add-opens=java.base/java.io=ALL-UNNAMED --add-opens=java.base/java.security=ALL-UNNAMED --add-opens=java.base/java.util=ALL-UNNAMED --add-opens=java.base/java.util.concurrent=ALL-UNNAMED --add-opens=java.management/javax.management=ALL-UNNAMED --add-opens=java.naming/javax.naming=ALL-UNNAMED --add-modules=java.se -Djava.security.manager=allow -Djboss.home.dir=E:\programming\java\study\jakartaee-hello-world\target\server -Djboss.server.base.dir=E:\programming\java\study\jakartaee-hello-world\target\server\standalone -Djboss.server.log.dir=E:\programming\java\study\jakartaee-hello-world\target\server\standalone\log -Djboss.server.config.dir=E:\programming\java\study\jakartaee-hello-world\target\server\standalone\configuration -Dorg.jboss.boot.log.file=E:\programming\java\study\jakartaee-hello-world\target\server\standalone\log\server.log -Dlogging.configuration=file:E:\programming\java\study\jakartaee-hello-world\target\server\standalone\configuration\logging.properties 
2023-12-13 20:49:09,958 INFO  [org.wildfly.security] (ServerService Thread Pool -- 28) ELY00001: WildFly Elytron version 2.0.0.Final
2023-12-13 20:49:10,197 WARN  [org.jboss.as.controller] (ServerService Thread Pool -- 9) WFLYCTL0481: The runtime dependency package 'io.smallrye.opentracing-contrib' is already registered at location '/subsystem=microprofile-opentracing-smallrye'
2023-12-13 20:49:10,197 WARN  [org.jboss.as.controller] (ServerService Thread Pool -- 9) WFLYCTL0481: The runtime dependency package 'io.smallrye.opentracing-contrib' is already registered at location '/subsystem=microprofile-opentracing-smallrye'
2023-12-13 20:49:10,438 INFO  [org.jboss.as.controller.management-deprecated] (ServerService Thread Pool -- 24) WFLYCTL0028: Attribute 'cluster' in the resource at address '/subsystem=ejb3/service=remote' is deprecated, and may be removed in a future version. See the attribute description in the output of the read-resource-description operation to learn more about the deprecation.
2023-12-13 20:49:10,500 INFO  [org.jboss.as.server] (Controller Boot Thread) WFLYSRV0039: Creating http management service using socket-binding (management-http)
2023-12-13 20:49:10,514 INFO  [org.xnio] (MSC service thread 1-1) XNIO version 3.8.8.Final
2023-12-13 20:49:10,522 INFO  [org.xnio.nio] (MSC service thread 1-1) XNIO NIO Implementation Version 3.8.8.Final
2023-12-13 20:49:10,557 INFO  [org.jboss.as.jaxrs] (ServerService Thread Pool -- 61) WFLYRS0016: RESTEasy version 6.2.1.Final
2023-12-13 20:49:10,567 INFO  [org.wildfly.extension.io] (ServerService Thread Pool -- 60) WFLYIO001: Worker 'default' has auto-configured to 12 IO threads with 96 max task threads based on your 6 available processors
2023-12-13 20:49:10,572 INFO  [org.wildfly.extension.health] (ServerService Thread Pool -- 57) WFLYHEALTH0001: Activating Base Health Subsystem
2023-12-13 20:49:10,573 WARN  [org.jboss.as.txn] (ServerService Thread Pool -- 80) WFLYTX0013: The node-identifier attribute on the /subsystem=transactions is set to the default value. This is a danger for environments running multiple servers. Please make sure the attribute value is unique.
2023-12-13 20:49:10,574 INFO  [org.wildfly.extension.microprofile.jwt.smallrye] (ServerService Thread Pool -- 71) WFLYJWT0001: Activating MicroProfile JWT Subsystem
2023-12-13 20:49:10,574 INFO  [org.wildfly.extension.elytron.oidc._private] (ServerService Thread Pool -- 56) WFLYOIDC0001: Activating WildFly Elytron OIDC Subsystem
2023-12-13 20:49:10,577 INFO  [org.wildfly.extension.microprofile.config.smallrye] (ServerService Thread Pool -- 70) WFLYCONF0001: Activating MicroProfile Config Subsystem
2023-12-13 20:49:10,581 INFO  [org.jboss.as.clustering.infinispan] (ServerService Thread Pool -- 59) WFLYCLINF0001: Activating Infinispan subsystem.
2023-12-13 20:49:10,608 INFO  [org.jboss.as.jsf] (ServerService Thread Pool -- 66) WFLYJSF0007: Activated the following Jakarta Server Faces Implementations: [main]
2023-12-13 20:49:10,608 INFO  [org.wildfly.extension.microprofile.opentracing] (ServerService Thread Pool -- 72) WFLYTRACEXT0001: Activating MicroProfile OpenTracing Subsystem
2023-12-13 20:49:10,624 INFO  [org.wildfly.extension.metrics] (ServerService Thread Pool -- 69) WFLYMETRICS0001: Activating Base Metrics Subsystem
2023-12-13 20:49:10,670 INFO  [org.jboss.as.naming] (ServerService Thread Pool -- 73) WFLYNAM0001: Activating Naming Subsystem
2023-12-13 20:49:10,699 INFO  [org.jboss.as.webservices] (ServerService Thread Pool -- 82) WFLYWS0002: Activating WebServices Extension
2023-12-13 20:49:10,701 INFO  [org.wildfly.iiop.openjdk] (ServerService Thread Pool -- 58) WFLYIIOP0001: Activating IIOP Subsystem
2023-12-13 20:49:10,797 INFO  [org.wildfly.extension.undertow] (MSC service thread 1-6) WFLYUT0003: Undertow 2.3.0.Final starting
2023-12-13 20:49:10,814 INFO  [org.jboss.remoting] (MSC service thread 1-1) JBoss Remoting version 5.0.26.Final
2023-12-13 20:49:10,814 INFO  [org.jboss.as.connector.subsystems.datasources] (ServerService Thread Pool -- 47) WFLYJCA0004: Deploying JDBC-compliant driver class org.h2.Driver (version 2.1)
2023-12-13 20:49:10,839 INFO  [org.jboss.as.connector] (MSC service thread 1-4) WFLYJCA0009: Starting Jakarta Connectors Subsystem (WildFly/IronJacamar 1.5.9.Final)
2023-12-13 20:49:10,876 INFO  [org.jboss.as.connector.deployers.jdbc] (MSC service thread 1-2) WFLYJCA0018: Started Driver service with driver-name = h2
2023-12-13 20:49:10,876 INFO  [org.jboss.as.naming] (MSC service thread 1-2) WFLYNAM0003: Starting Naming Service
2023-12-13 20:49:10,883 INFO  [org.jboss.as.mail.extension] (MSC service thread 1-6) WFLYMAIL0001: Bound mail session [java:jboss/mail/Default]
2023-12-13 20:49:10,942 WARN  [org.wildfly.extension.elytron] (MSC service thread 1-4) WFLYELY00023: KeyStore file 'E:\programming\java\study\jakartaee-hello-world\target\server\standalone\configuration\application.keystore' does not exist. Used blank.
2023-12-13 20:49:10,959 INFO  [org.wildfly.extension.undertow] (ServerService Thread Pool -- 81) WFLYUT0014: Creating file handler for path 'E:\programming\java\study\jakartaee-hello-world\target\server/welcome-content' with options [directory-listing: 'false', follow-symlink: 'false', case-sensitive: 'true', safe-symlink-paths: '[]']
2023-12-13 20:49:11,028 WARN  [org.wildfly.extension.elytron] (MSC service thread 1-8) WFLYELY01084: KeyStore E:\programming\java\study\jakartaee-hello-world\target\server\standalone\configuration\application.keystore not found, it will be auto generated on first use with a self-signed certificate for host localhost
2023-12-13 20:49:11,102 INFO  [org.jboss.as.ejb3] (MSC service thread 1-4) WFLYEJB0482: Strict pool mdb-strict-max-pool is using a max instance size of 24 (per class), which is derived from the number of CPUs on this host.
2023-12-13 20:49:11,102 INFO  [org.jboss.as.ejb3] (MSC service thread 1-7) WFLYEJB0481: Strict pool slsb-strict-max-pool is using a max instance size of 96 (per class), which is derived from thread worker pool sizing.
2023-12-13 20:49:11,133 INFO  [org.wildfly.extension.undertow] (MSC service thread 1-4) WFLYUT0012: Started server default-server.
2023-12-13 20:49:11,136 INFO  [org.wildfly.extension.undertow] (MSC service thread 1-2) Queuing requests.
2023-12-13 20:49:11,149 INFO  [org.wildfly.extension.undertow] (MSC service thread 1-2) WFLYUT0018: Host default-host starting
2023-12-13 20:49:11,242 INFO  [org.wildfly.extension.undertow] (MSC service thread 1-4) WFLYUT0006: Undertow HTTP listener default listening on 127.0.0.1:8080
2023-12-13 20:49:11,323 INFO  [org.wildfly.extension.undertow] (MSC service thread 1-1) WFLYUT0006: Undertow HTTPS listener https listening on 127.0.0.1:8443
2023-12-13 20:49:11,383 INFO  [org.jboss.as.server.deployment.scanner] (MSC service thread 1-5) WFLYDS0013: Started FileSystemDeploymentService for directory E:\programming\java\study\jakartaee-hello-world\target\server\standalone\deployments
2023-12-13 20:49:11,390 INFO  [org.jboss.as.patching] (MSC service thread 1-2) WFLYPAT0050: WildFly Full cumulative patch ID is: base, one-off patches include: none
2023-12-13 20:49:11,405 INFO  [org.wildfly.extension.messaging-activemq] (MSC service thread 1-3) WFLYMSGAMQ0001: AIO wasn't located on this platform, it will fall back to using pure Java NIO.
2023-12-13 20:49:11,487 INFO  [org.jboss.as.ejb3] (MSC service thread 1-2) WFLYEJB0493: Jakarta Enterprise Beans subsystem suspension complete
2023-12-13 20:49:11,497 INFO  [org.jboss.ws.common.management] (MSC service thread 1-1) JBWS022052: Starting JBossWS 6.1.0.Final (Apache CXF 3.5.2.jbossorg-4) 
2023-12-13 20:49:11,543 INFO  [org.jboss.as.connector.subsystems.datasources] (MSC service thread 1-1) WFLYJCA0001: Bound data source [java:jboss/datasources/ExampleDS]
2023-12-13 20:49:11,572 INFO  [org.wildfly.iiop.openjdk] (MSC service thread 1-6) WFLYIIOP0009: CORBA ORB Service started
2023-12-13 20:49:11,878 INFO  [org.apache.activemq.artemis.core.server] (ServerService Thread Pool -- 84) AMQ221000: live Message Broker is starting with configuration Broker Configuration (clustered=false,journalDirectory=E:\programming\java\study\jakartaee-hello-world\target\server\standalone\data\activemq\journal,bindingsDirectory=E:\programming\java\study\jakartaee-hello-world\target\server\standalone\data\activemq\bindings,largeMessagesDirectory=E:\programming\java\study\jakartaee-hello-world\target\server\standalone\data\activemq\largemessages,pagingDirectory=E:\programming\java\study\jakartaee-hello-world\target\server\standalone\data\activemq\paging)
2023-12-13 20:49:11,902 INFO  [org.apache.activemq.artemis.core.server] (ServerService Thread Pool -- 84) AMQ221013: Using NIO Journal
2023-12-13 20:49:11,966 INFO  [org.apache.activemq.artemis.core.server] (ServerService Thread Pool -- 84) AMQ221043: Protocol module found: [artemis-server]. Adding protocol support for: CORE
2023-12-13 20:49:11,966 INFO  [org.apache.activemq.artemis.core.server] (ServerService Thread Pool -- 84) AMQ221043: Protocol module found: [artemis-amqp-protocol]. Adding protocol support for: AMQP
2023-12-13 20:49:11,967 INFO  [org.apache.activemq.artemis.core.server] (ServerService Thread Pool -- 84) AMQ221043: Protocol module found: [artemis-hornetq-protocol]. Adding protocol support for: HORNETQ
2023-12-13 20:49:11,968 INFO  [org.apache.activemq.artemis.core.server] (ServerService Thread Pool -- 84) AMQ221043: Protocol module found: [artemis-stomp-protocol]. Adding protocol support for: STOMP
2023-12-13 20:49:12,070 INFO  [org.apache.activemq.artemis.core.server] (ServerService Thread Pool -- 84) AMQ221034: Waiting indefinitely to obtain live lock
2023-12-13 20:49:12,072 INFO  [org.apache.activemq.artemis.core.server] (ServerService Thread Pool -- 84) AMQ221035: Live Server Obtained live lock
2023-12-13 20:49:12,851 INFO  [org.apache.activemq.artemis.core.server] (ServerService Thread Pool -- 84) AMQ221003: Deploying ANYCAST queue jms.queue.ExpiryQueue on address jms.queue.ExpiryQueue
2023-12-13 20:49:12,909 INFO  [org.apache.activemq.artemis.core.server] (ServerService Thread Pool -- 84) AMQ221003: Deploying ANYCAST queue jms.queue.DLQ on address jms.queue.DLQ
2023-12-13 20:49:12,913 INFO  [org.wildfly.extension.messaging-activemq] (MSC service thread 1-5) WFLYMSGAMQ0016: Registered HTTP upgrade for activemq-remoting protocol handled by http-acceptor acceptor
2023-12-13 20:49:12,914 INFO  [org.wildfly.extension.messaging-activemq] (MSC service thread 1-6) WFLYMSGAMQ0016: Registered HTTP upgrade for activemq-remoting protocol handled by http-acceptor acceptor
2023-12-13 20:49:12,913 INFO  [org.wildfly.extension.messaging-activemq] (MSC service thread 1-2) WFLYMSGAMQ0016: Registered HTTP upgrade for activemq-remoting protocol handled by http-acceptor-throughput acceptor
2023-12-13 20:49:12,913 INFO  [org.wildfly.extension.messaging-activemq] (MSC service thread 1-1) WFLYMSGAMQ0016: Registered HTTP upgrade for activemq-remoting protocol handled by http-acceptor-throughput acceptor
2023-12-13 20:49:13,419 INFO  [org.apache.activemq.artemis.core.server] (ServerService Thread Pool -- 84) AMQ221007: Server is now live
2023-12-13 20:49:13,420 INFO  [org.apache.activemq.artemis.core.server] (ServerService Thread Pool -- 84) AMQ221001: Apache ActiveMQ Artemis Message Broker version 2.26.0 [default, nodeID=3705a6ed-9a12-11ee-bfb5-00155d92a8c3] 
2023-12-13 20:49:13,432 INFO  [org.wildfly.extension.messaging-activemq] (ServerService Thread Pool -- 85) WFLYMSGAMQ0002: Bound messaging object to jndi name java:jboss/exported/jms/RemoteConnectionFactory
2023-12-13 20:49:13,441 INFO  [org.wildfly.extension.messaging-activemq] (ServerService Thread Pool -- 87) WFLYMSGAMQ0002: Bound messaging object to jndi name java:/ConnectionFactory
2023-12-13 20:49:13,466 INFO  [org.jboss.as.connector.deployment] (MSC service thread 1-2) WFLYJCA0007: Registered connection factory java:/JmsXA
2023-12-13 20:49:13,505 INFO  [org.apache.activemq.artemis.ra.ActiveMQRALogger] (MSC service thread 1-2) AMQ151007: Resource adaptor started
2023-12-13 20:49:13,506 INFO  [org.jboss.as.connector.services.resourceadapters.ResourceAdapterActivatorService$ResourceAdapterActivator] (MSC service thread 1-2) IJ020002: Deployed: file://RaActivatoractivemq-ra
2023-12-13 20:49:13,506 INFO  [org.jboss.as.connector.deployment] (MSC service thread 1-6) WFLYJCA0002: Bound Jakarta Connectors ConnectionFactory [java:/JmsXA]
2023-12-13 20:49:13,507 INFO  [org.jboss.as.connector.deployment] (MSC service thread 1-2) WFLYJCA0118: Binding connection factory named java:/JmsXA to alias java:jboss/DefaultJMSConnectionFactory
2023-12-13 20:49:13,598 INFO  [org.jboss.as.server] (Controller Boot Thread) WFLYSRV0212: Resuming server
2023-12-13 20:49:13,601 INFO  [org.jboss.as] (Controller Boot Thread) WFLYSRV0025: WildFly Full 27.0.1.Final (WildFly Core 19.0.1.Final) started in 4981ms - Started 328 of 601 services (372 services are lazy, passive or on-demand) - Server configuration file in use: standalone-full.xml
2023-12-13 20:49:13,603 INFO  [org.jboss.as] (Controller Boot Thread) WFLYSRV0060: Http management interface listening on http://127.0.0.1:9990/management
2023-12-13 20:49:13,603 INFO  [org.jboss.as] (Controller Boot Thread) WFLYSRV0051: Admin console listening on http://127.0.0.1:9990
2023-12-13 20:49:13,694 INFO  [org.jboss.as.server.deployment] (MSC service thread 1-2) WFLYSRV0027: Starting deployment of "jakartaee-hello-world" (runtime-name: "jakartaee-hello-world.war")
2023-12-13 20:49:14,177 INFO  [org.wildfly.extension.undertow] (ServerService Thread Pool -- 40) WFLYUT0021: Registered web context: '/jakartaee-hello-world' for server 'default-server'
2023-12-13 20:49:14,209 INFO  [org.jboss.as.server] (management-handler-thread - 1) WFLYSRV0010: Deployed "jakartaee-hello-world" (runtime-name : "jakartaee-hello-world.war")
2023-12-13 20:55:36,959 INFO  [org.jboss.as.server] (management-handler-thread - 1) WFLYSRV0272: Suspending server
2023-12-13 20:55:36,960 INFO  [org.jboss.as.ejb3] (management-handler-thread - 1) WFLYEJB0493: Jakarta Enterprise Beans subsystem suspension complete
2023-12-13 20:55:36,962 INFO  [org.jboss.as.server] (Management Triggered Shutdown) WFLYSRV0241: Shutting down in response to management operation 'shutdown'
2023-12-13 20:55:36,976 INFO  [org.jboss.as.mail.extension] (MSC service thread 1-4) WFLYMAIL0002: Unbound mail session [java:jboss/mail/Default]
2023-12-13 20:55:36,977 INFO  [org.wildfly.extension.messaging-activemq] (MSC service thread 1-3) WFLYMSGAMQ0006: Unbound messaging object to jndi name java:jboss/exported/jms/RemoteConnectionFactory
2023-12-13 20:55:36,986 INFO  [org.wildfly.extension.undertow] (ServerService Thread Pool -- 91) WFLYUT0022: Unregistered web context: '/jakartaee-hello-world' from server 'default-server'
2023-12-13 20:55:36,990 INFO  [org.wildfly.extension.undertow] (MSC service thread 1-3) WFLYUT0019: Host default-host stopping
2023-12-13 20:55:36,992 INFO  [org.jboss.as.connector.subsystems.datasources] (MSC service thread 1-3) WFLYJCA0010: Unbound data source [java:jboss/datasources/ExampleDS]
2023-12-13 20:55:36,992 INFO  [org.jboss.as.connector.deployment] (MSC service thread 1-5) WFLYJCA0119: Unbinding connection factory named java:/JmsXA to alias java:jboss/DefaultJMSConnectionFactory
2023-12-13 20:55:36,993 INFO  [org.jboss.as.connector.deployment] (MSC service thread 1-4) WFLYJCA0011: Unbound Jakarta Connectors ConnectionFactory [java:/JmsXA]
2023-12-13 20:55:36,996 INFO  [org.jboss.as.connector.deployers.jdbc] (MSC service thread 1-4) WFLYJCA0019: Stopped Driver service with driver-name = h2
2023-12-13 20:55:37,015 INFO  [org.apache.activemq.artemis.ra.ActiveMQRALogger] (ServerService Thread Pool -- 91) AMQ151003: resource adaptor stopped
2023-12-13 20:55:37,017 INFO  [org.jboss.as.server.deployment] (MSC service thread 1-4) WFLYSRV0028: Stopped deployment jakartaee-hello-world (runtime-name: jakartaee-hello-world.war) in 47ms
2023-12-13 20:55:37,017 INFO  [org.wildfly.extension.undertow] (MSC service thread 1-5) WFLYUT0008: Undertow HTTPS listener https suspending
2023-12-13 20:55:37,017 INFO  [org.wildfly.extension.undertow] (MSC service thread 1-5) WFLYUT0007: Undertow HTTPS listener https stopped, was bound to 127.0.0.1:8443
2023-12-13 20:55:37,548 INFO  [org.apache.activemq.artemis.core.server] (ServerService Thread Pool -- 91) AMQ221002: Apache ActiveMQ Artemis Message Broker version 2.26.0 [3705a6ed-9a12-11ee-bfb5-00155d92a8c3] stopped, uptime 6 minutes
2023-12-13 20:55:37,552 INFO  [org.wildfly.extension.undertow] (MSC service thread 1-7) WFLYUT0008: Undertow HTTP listener default suspending
2023-12-13 20:55:37,554 INFO  [org.wildfly.extension.undertow] (MSC service thread 1-7) WFLYUT0007: Undertow HTTP listener default stopped, was bound to 127.0.0.1:8080
2023-12-13 20:55:37,560 INFO  [org.wildfly.extension.undertow] (MSC service thread 1-8) WFLYUT0004: Undertow 2.3.0.Final stopping
2023-12-13 20:55:37,568 INFO  [org.jboss.as] (MSC service thread 1-1) WFLYSRV0050: WildFly Full 27.0.1.Final (WildFly Core 19.0.1.Final) stopped in 601ms
2023-12-13 20:56:46,426 INFO  [org.jboss.modules] (main) JBoss Modules version 2.0.3.Final
2023-12-13 20:56:46,803 INFO  [org.jboss.msc] (main) JBoss MSC version 1.4.13.Final
2023-12-13 20:56:46,809 INFO  [org.jboss.threads] (main) JBoss Threads version 2.4.0.Final
2023-12-13 20:56:46,889 INFO  [org.jboss.as] (MSC service thread 1-1) WFLYSRV0049: WildFly Full 27.0.1.Final (WildFly Core 19.0.1.Final) starting
2023-12-13 20:56:46,890 DEBUG [org.jboss.as.config] (MSC service thread 1-1) Configured system properties:
	[Standalone] = 
	file.encoding = Cp1252
	file.separator = \
	java.awt.headless = true
	java.class.path = E:\programming\java\study\jakartaee-hello-world\target\server\jboss-modules.jar
	java.class.version = 61.0
	java.home = C:\Program Files\Java\jdk-17.0.2
	java.io.tmpdir = C:\Users\heber\AppData\Local\Temp\
	java.library.path = C:\Program Files\Java\jdk-17.0.2\bin;C:\Windows\Sun\Java\bin;C:\Windows\system32;C:\Windows;C:\Program Files\Common Files\Oracle\Java\javapath;C:\Windows\system32;C:\Windows;C:\Windows\System32\Wbem;C:\Windows\System32\WindowsPowerShell\v1.0\;C:\Windows\System32\OpenSSH\;C:\ProgramData\chocolatey\bin;C:\Program Files\nodejs\;C:\Program Files\Git\cmd;C:\Program Files\Docker\Docker\resources\bin;C:\Program Files\NVIDIA Corporation\NVIDIA NvDLISR;C:\Program Files (x86)\NVIDIA Corporation\PhysX\Common;D:\apache-maven-3.9.6\bin;C:\Users\heber\AppData\Local\Microsoft\WindowsApps;C:\Users\heber\AppData\Roaming\npm;C:\Users\heber\AppData\Local\Programs\Microsoft VS Code\bin;;.
	java.net.preferIPv4Stack = true
	java.runtime.name = Java(TM) SE Runtime Environment
	java.runtime.version = 17.0.2+8-LTS-86
	java.security.manager = allow
	java.specification.name = Java Platform API Specification
	java.specification.vendor = Oracle Corporation
	java.specification.version = 17
	java.util.logging.manager = org.jboss.logmanager.LogManager
	java.vendor = Oracle Corporation
	java.vendor.url = https://java.oracle.com/
	java.vendor.url.bug = https://bugreport.java.com/bugreport/
	java.version = 17.0.2
	java.version.date = 2022-01-18
	java.vm.compressedOopsMode = 32-bit
	java.vm.info = mixed mode, sharing
	java.vm.name = Java HotSpot(TM) 64-Bit Server VM
	java.vm.specification.name = Java Virtual Machine Specification
	java.vm.specification.vendor = Oracle Corporation
	java.vm.specification.version = 17
	java.vm.vendor = Oracle Corporation
	java.vm.version = 17.0.2+8-LTS-86
	javax.management.builder.initial = org.jboss.as.jmx.PluggableMBeanServerBuilder
	jboss.home.dir = E:\programming\java\study\jakartaee-hello-world\target\server
	jboss.host.name = heberty
	jboss.modules.dir = E:\programming\java\study\jakartaee-hello-world\target\server\modules
	jboss.modules.system.pkgs = org.jboss.byteman
	jboss.node.name = heberty
	jboss.qualified.host.name = heberty
	jboss.server.base.dir = E:\programming\java\study\jakartaee-hello-world\target\server\standalone
	jboss.server.config.dir = E:\programming\java\study\jakartaee-hello-world\target\server\standalone\configuration
	jboss.server.data.dir = E:\programming\java\study\jakartaee-hello-world\target\server\standalone\data
	jboss.server.deploy.dir = E:\programming\java\study\jakartaee-hello-world\target\server\standalone\data\content
	jboss.server.log.dir = E:\programming\java\study\jakartaee-hello-world\target\server\standalone\log
	jboss.server.name = heberty
	jboss.server.persist.config = true
	jboss.server.temp.dir = E:\programming\java\study\jakartaee-hello-world\target\server\standalone\tmp
	jdk.debug = release
	line.separator = 

	logging.configuration = file:E:\programming\java\study\jakartaee-hello-world\target\server\standalone\configuration\logging.properties
	module.path = E:\programming\java\study\jakartaee-hello-world\target\server\modules
	native.encoding = Cp1252
	org.jboss.boot.log.file = E:\programming\java\study\jakartaee-hello-world\target\server\standalone\log\server.log
	org.jboss.resolver.warning = true
	os.arch = amd64
	os.name = Windows 11
	os.version = 10.0
	path.separator = ;
	sun.arch.data.model = 64
	sun.boot.library.path = C:\Program Files\Java\jdk-17.0.2\bin
	sun.cpu.endian = little
	sun.cpu.isalist = amd64
	sun.io.unicode.encoding = UnicodeLittle
	sun.java.command = E:\programming\java\study\jakartaee-hello-world\target\server\jboss-modules.jar -mp E:\programming\java\study\jakartaee-hello-world\target\server\modules org.jboss.as.standalone -c=standalone-full.xml
	sun.java.launcher = SUN_STANDARD
	sun.jnu.encoding = Cp1252
	sun.management.compiler = HotSpot 64-Bit Tiered Compilers
	sun.os.patch.level = 
	sun.stderr.encoding = cp850
	sun.stdout.encoding = cp850
	user.country = GB
	user.country.format = BR
	user.dir = E:\programming\java\study\jakartaee-hello-world
	user.home = C:\Users\heber
	user.language = en
	user.language.format = pt
	user.name = heber
	user.script = 
	user.timezone = America/Sao_Paulo
	user.variant = 
2023-12-13 20:56:46,893 DEBUG [org.jboss.as.config] (MSC service thread 1-1) VM Arguments: -D[Standalone] -Xms64m -Xmx512m -Djava.net.preferIPv4Stack=true -Djava.awt.headless=true -Djboss.modules.system.pkgs=org.jboss.byteman --add-exports=java.base/sun.nio.ch=ALL-UNNAMED --add-exports=jdk.unsupported/sun.reflect=ALL-UNNAMED --add-exports=jdk.unsupported/sun.misc=ALL-UNNAMED --add-modules=java.se --add-exports=java.desktop/sun.awt=ALL-UNNAMED --add-exports=java.naming/com.sun.jndi.ldap=ALL-UNNAMED --add-exports=java.naming/com.sun.jndi.url.ldap=ALL-UNNAMED --add-exports=java.naming/com.sun.jndi.url.ldaps=ALL-UNNAMED --add-exports=jdk.naming.dns/com.sun.jndi.dns=ALL-UNNAMED --add-opens=java.base/java.lang=ALL-UNNAMED --add-opens=java.base/java.lang.invoke=ALL-UNNAMED --add-opens=java.base/java.lang.reflect=ALL-UNNAMED --add-opens=java.base/java.io=ALL-UNNAMED --add-opens=java.base/java.security=ALL-UNNAMED --add-opens=java.base/java.util=ALL-UNNAMED --add-opens=java.base/java.util.concurrent=ALL-UNNAMED --add-opens=java.management/javax.management=ALL-UNNAMED --add-opens=java.naming/javax.naming=ALL-UNNAMED --add-modules=java.se -Djava.security.manager=allow -Djboss.home.dir=E:\programming\java\study\jakartaee-hello-world\target\server -Djboss.server.base.dir=E:\programming\java\study\jakartaee-hello-world\target\server\standalone -Djboss.server.log.dir=E:\programming\java\study\jakartaee-hello-world\target\server\standalone\log -Djboss.server.config.dir=E:\programming\java\study\jakartaee-hello-world\target\server\standalone\configuration -Dorg.jboss.boot.log.file=E:\programming\java\study\jakartaee-hello-world\target\server\standalone\log\server.log -Dlogging.configuration=file:E:\programming\java\study\jakartaee-hello-world\target\server\standalone\configuration\logging.properties 
2023-12-13 20:56:47,547 INFO  [org.wildfly.security] (ServerService Thread Pool -- 28) ELY00001: WildFly Elytron version 2.0.0.Final
2023-12-13 20:56:47,778 WARN  [org.jboss.as.controller] (ServerService Thread Pool -- 4) WFLYCTL0481: The runtime dependency package 'io.smallrye.opentracing-contrib' is already registered at location '/subsystem=microprofile-opentracing-smallrye'
2023-12-13 20:56:47,779 WARN  [org.jboss.as.controller] (ServerService Thread Pool -- 4) WFLYCTL0481: The runtime dependency package 'io.smallrye.opentracing-contrib' is already registered at location '/subsystem=microprofile-opentracing-smallrye'
2023-12-13 20:56:48,011 INFO  [org.jboss.as.controller.management-deprecated] (ServerService Thread Pool -- 33) WFLYCTL0028: Attribute 'cluster' in the resource at address '/subsystem=ejb3/service=remote' is deprecated, and may be removed in a future version. See the attribute description in the output of the read-resource-description operation to learn more about the deprecation.
2023-12-13 20:56:48,085 INFO  [org.jboss.as.server] (Controller Boot Thread) WFLYSRV0039: Creating http management service using socket-binding (management-http)
2023-12-13 20:56:48,095 INFO  [org.xnio] (MSC service thread 1-4) XNIO version 3.8.8.Final
2023-12-13 20:56:48,099 INFO  [org.xnio.nio] (MSC service thread 1-4) XNIO NIO Implementation Version 3.8.8.Final
2023-12-13 20:56:48,137 INFO  [org.jboss.as.jaxrs] (ServerService Thread Pool -- 61) WFLYRS0016: RESTEasy version 6.2.1.Final
2023-12-13 20:56:48,157 INFO  [org.wildfly.extension.elytron.oidc._private] (ServerService Thread Pool -- 56) WFLYOIDC0001: Activating WildFly Elytron OIDC Subsystem
2023-12-13 20:56:48,158 INFO  [org.wildfly.extension.microprofile.jwt.smallrye] (ServerService Thread Pool -- 71) WFLYJWT0001: Activating MicroProfile JWT Subsystem
2023-12-13 20:56:48,158 WARN  [org.jboss.as.txn] (ServerService Thread Pool -- 80) WFLYTX0013: The node-identifier attribute on the /subsystem=transactions is set to the default value. This is a danger for environments running multiple servers. Please make sure the attribute value is unique.
2023-12-13 20:56:48,160 INFO  [org.jboss.as.clustering.infinispan] (ServerService Thread Pool -- 59) WFLYCLINF0001: Activating Infinispan subsystem.
2023-12-13 20:56:48,163 INFO  [org.wildfly.extension.health] (ServerService Thread Pool -- 57) WFLYHEALTH0001: Activating Base Health Subsystem
2023-12-13 20:56:48,164 INFO  [org.wildfly.extension.microprofile.config.smallrye] (ServerService Thread Pool -- 70) WFLYCONF0001: Activating MicroProfile Config Subsystem
2023-12-13 20:56:48,229 INFO  [org.jboss.as.jsf] (ServerService Thread Pool -- 66) WFLYJSF0007: Activated the following Jakarta Server Faces Implementations: [main]
2023-12-13 20:56:48,231 INFO  [org.wildfly.extension.microprofile.opentracing] (ServerService Thread Pool -- 72) WFLYTRACEXT0001: Activating MicroProfile OpenTracing Subsystem
2023-12-13 20:56:48,236 INFO  [org.wildfly.extension.metrics] (ServerService Thread Pool -- 69) WFLYMETRICS0001: Activating Base Metrics Subsystem
2023-12-13 20:56:48,282 INFO  [org.jboss.as.webservices] (ServerService Thread Pool -- 82) WFLYWS0002: Activating WebServices Extension
2023-12-13 20:56:48,289 INFO  [org.jboss.as.naming] (ServerService Thread Pool -- 73) WFLYNAM0001: Activating Naming Subsystem
2023-12-13 20:56:48,291 INFO  [org.wildfly.iiop.openjdk] (ServerService Thread Pool -- 58) WFLYIIOP0001: Activating IIOP Subsystem
2023-12-13 20:56:48,389 INFO  [org.jboss.as.connector] (MSC service thread 1-8) WFLYJCA0009: Starting Jakarta Connectors Subsystem (WildFly/IronJacamar 1.5.9.Final)
2023-12-13 20:56:48,391 INFO  [org.wildfly.extension.undertow] (MSC service thread 1-7) WFLYUT0003: Undertow 2.3.0.Final starting
2023-12-13 20:56:48,397 INFO  [org.wildfly.extension.io] (ServerService Thread Pool -- 60) WFLYIO001: Worker 'default' has auto-configured to 12 IO threads with 96 max task threads based on your 6 available processors
2023-12-13 20:56:48,397 INFO  [org.jboss.as.connector.subsystems.datasources] (ServerService Thread Pool -- 47) WFLYJCA0004: Deploying JDBC-compliant driver class org.h2.Driver (version 2.1)
2023-12-13 20:56:48,424 INFO  [org.jboss.as.connector.deployers.jdbc] (MSC service thread 1-7) WFLYJCA0018: Started Driver service with driver-name = h2
2023-12-13 20:56:48,431 INFO  [org.jboss.as.naming] (MSC service thread 1-2) WFLYNAM0003: Starting Naming Service
2023-12-13 20:56:48,434 INFO  [org.jboss.as.mail.extension] (MSC service thread 1-2) WFLYMAIL0001: Bound mail session [java:jboss/mail/Default]
2023-12-13 20:56:48,473 WARN  [org.wildfly.extension.elytron] (MSC service thread 1-5) WFLYELY00023: KeyStore file 'E:\programming\java\study\jakartaee-hello-world\target\server\standalone\configuration\application.keystore' does not exist. Used blank.
2023-12-13 20:56:48,549 WARN  [org.wildfly.extension.elytron] (MSC service thread 1-3) WFLYELY01084: KeyStore E:\programming\java\study\jakartaee-hello-world\target\server\standalone\configuration\application.keystore not found, it will be auto generated on first use with a self-signed certificate for host localhost
2023-12-13 20:56:48,555 INFO  [org.wildfly.extension.undertow] (ServerService Thread Pool -- 81) WFLYUT0014: Creating file handler for path 'E:\programming\java\study\jakartaee-hello-world\target\server/welcome-content' with options [directory-listing: 'false', follow-symlink: 'false', case-sensitive: 'true', safe-symlink-paths: '[]']
2023-12-13 20:56:48,576 INFO  [org.jboss.remoting] (MSC service thread 1-4) JBoss Remoting version 5.0.26.Final
2023-12-13 20:56:48,638 INFO  [org.jboss.as.ejb3] (MSC service thread 1-2) WFLYEJB0482: Strict pool mdb-strict-max-pool is using a max instance size of 24 (per class), which is derived from the number of CPUs on this host.
2023-12-13 20:56:48,638 INFO  [org.jboss.as.ejb3] (MSC service thread 1-7) WFLYEJB0481: Strict pool slsb-strict-max-pool is using a max instance size of 96 (per class), which is derived from thread worker pool sizing.
2023-12-13 20:56:48,687 INFO  [org.wildfly.extension.undertow] (MSC service thread 1-2) WFLYUT0012: Started server default-server.
2023-12-13 20:56:48,703 INFO  [org.wildfly.extension.undertow] (MSC service thread 1-5) Queuing requests.
2023-12-13 20:56:48,708 INFO  [org.wildfly.extension.undertow] (MSC service thread 1-5) WFLYUT0018: Host default-host starting
2023-12-13 20:56:48,777 INFO  [org.wildfly.extension.undertow] (MSC service thread 1-8) WFLYUT0006: Undertow HTTP listener default listening on 127.0.0.1:8080
2023-12-13 20:56:48,842 INFO  [org.wildfly.extension.undertow] (MSC service thread 1-2) WFLYUT0006: Undertow HTTPS listener https listening on 127.0.0.1:8443
2023-12-13 20:56:48,914 INFO  [org.jboss.as.server.deployment] (MSC service thread 1-4) WFLYSRV0027: Starting deployment of "jakartaee-hello-world" (runtime-name: "jakartaee-hello-world.war")
2023-12-13 20:56:48,933 INFO  [org.jboss.as.patching] (MSC service thread 1-8) WFLYPAT0050: WildFly Full cumulative patch ID is: base, one-off patches include: none
2023-12-13 20:56:48,940 INFO  [org.jboss.as.server.deployment.scanner] (MSC service thread 1-5) WFLYDS0013: Started FileSystemDeploymentService for directory E:\programming\java\study\jakartaee-hello-world\target\server\standalone\deployments
2023-12-13 20:56:48,958 INFO  [org.wildfly.extension.messaging-activemq] (MSC service thread 1-6) WFLYMSGAMQ0001: AIO wasn't located on this platform, it will fall back to using pure Java NIO.
2023-12-13 20:56:49,013 INFO  [org.jboss.as.ejb3] (MSC service thread 1-5) WFLYEJB0493: Jakarta Enterprise Beans subsystem suspension complete
2023-12-13 20:56:49,076 INFO  [org.jboss.ws.common.management] (MSC service thread 1-1) JBWS022052: Starting JBossWS 6.1.0.Final (Apache CXF 3.5.2.jbossorg-4) 
2023-12-13 20:56:49,123 INFO  [org.jboss.as.connector.subsystems.datasources] (MSC service thread 1-5) WFLYJCA0001: Bound data source [java:jboss/datasources/ExampleDS]
2023-12-13 20:56:49,138 INFO  [org.apache.activemq.artemis.core.server] (ServerService Thread Pool -- 84) AMQ221000: live Message Broker is starting with configuration Broker Configuration (clustered=false,journalDirectory=E:\programming\java\study\jakartaee-hello-world\target\server\standalone\data\activemq\journal,bindingsDirectory=E:\programming\java\study\jakartaee-hello-world\target\server\standalone\data\activemq\bindings,largeMessagesDirectory=E:\programming\java\study\jakartaee-hello-world\target\server\standalone\data\activemq\largemessages,pagingDirectory=E:\programming\java\study\jakartaee-hello-world\target\server\standalone\data\activemq\paging)
2023-12-13 20:56:49,200 INFO  [org.apache.activemq.artemis.core.server] (ServerService Thread Pool -- 84) AMQ221013: Using NIO Journal
2023-12-13 20:56:49,236 INFO  [org.wildfly.iiop.openjdk] (MSC service thread 1-7) WFLYIIOP0009: CORBA ORB Service started
2023-12-13 20:56:49,322 INFO  [org.apache.activemq.artemis.core.server] (ServerService Thread Pool -- 84) AMQ221043: Protocol module found: [artemis-server]. Adding protocol support for: CORE
2023-12-13 20:56:49,323 INFO  [org.apache.activemq.artemis.core.server] (ServerService Thread Pool -- 84) AMQ221043: Protocol module found: [artemis-amqp-protocol]. Adding protocol support for: AMQP
2023-12-13 20:56:49,324 INFO  [org.apache.activemq.artemis.core.server] (ServerService Thread Pool -- 84) AMQ221043: Protocol module found: [artemis-hornetq-protocol]. Adding protocol support for: HORNETQ
2023-12-13 20:56:49,325 INFO  [org.apache.activemq.artemis.core.server] (ServerService Thread Pool -- 84) AMQ221043: Protocol module found: [artemis-stomp-protocol]. Adding protocol support for: STOMP
2023-12-13 20:56:49,628 INFO  [org.apache.activemq.artemis.core.server] (ServerService Thread Pool -- 84) AMQ221034: Waiting indefinitely to obtain live lock
2023-12-13 20:56:49,628 INFO  [org.apache.activemq.artemis.core.server] (ServerService Thread Pool -- 84) AMQ221035: Live Server Obtained live lock
2023-12-13 20:56:50,010 INFO  [org.apache.activemq.artemis.core.server] (ServerService Thread Pool -- 84) AMQ221003: Deploying ANYCAST queue jms.queue.ExpiryQueue on address jms.queue.ExpiryQueue
2023-12-13 20:56:50,018 INFO  [org.apache.activemq.artemis.core.server] (ServerService Thread Pool -- 84) AMQ221003: Deploying ANYCAST queue jms.queue.DLQ on address jms.queue.DLQ
2023-12-13 20:56:50,021 INFO  [org.wildfly.extension.messaging-activemq] (MSC service thread 1-2) WFLYMSGAMQ0016: Registered HTTP upgrade for activemq-remoting protocol handled by http-acceptor-throughput acceptor
2023-12-13 20:56:50,021 INFO  [org.wildfly.extension.messaging-activemq] (MSC service thread 1-8) WFLYMSGAMQ0016: Registered HTTP upgrade for activemq-remoting protocol handled by http-acceptor acceptor
2023-12-13 20:56:50,021 INFO  [org.wildfly.extension.messaging-activemq] (MSC service thread 1-3) WFLYMSGAMQ0016: Registered HTTP upgrade for activemq-remoting protocol handled by http-acceptor-throughput acceptor
2023-12-13 20:56:50,021 INFO  [org.wildfly.extension.messaging-activemq] (MSC service thread 1-6) WFLYMSGAMQ0016: Registered HTTP upgrade for activemq-remoting protocol handled by http-acceptor acceptor
2023-12-13 20:56:50,269 INFO  [org.apache.activemq.artemis.core.server] (ServerService Thread Pool -- 84) AMQ221007: Server is now live
2023-12-13 20:56:50,269 INFO  [org.apache.activemq.artemis.core.server] (ServerService Thread Pool -- 84) AMQ221001: Apache ActiveMQ Artemis Message Broker version 2.26.0 [default, nodeID=3705a6ed-9a12-11ee-bfb5-00155d92a8c3] 
2023-12-13 20:56:50,279 INFO  [org.wildfly.extension.messaging-activemq] (ServerService Thread Pool -- 86) WFLYMSGAMQ0002: Bound messaging object to jndi name java:jboss/exported/jms/RemoteConnectionFactory
2023-12-13 20:56:50,293 INFO  [org.wildfly.extension.messaging-activemq] (ServerService Thread Pool -- 87) WFLYMSGAMQ0002: Bound messaging object to jndi name java:/ConnectionFactory
2023-12-13 20:56:50,316 INFO  [org.jboss.as.connector.deployment] (MSC service thread 1-4) WFLYJCA0007: Registered connection factory java:/JmsXA
2023-12-13 20:56:50,367 INFO  [org.apache.activemq.artemis.ra.ActiveMQRALogger] (MSC service thread 1-4) AMQ151007: Resource adaptor started
2023-12-13 20:56:50,368 INFO  [org.jboss.as.connector.services.resourceadapters.ResourceAdapterActivatorService$ResourceAdapterActivator] (MSC service thread 1-4) IJ020002: Deployed: file://RaActivatoractivemq-ra
2023-12-13 20:56:50,369 INFO  [org.jboss.as.connector.deployment] (MSC service thread 1-5) WFLYJCA0002: Bound Jakarta Connectors ConnectionFactory [java:/JmsXA]
2023-12-13 20:56:50,369 INFO  [org.jboss.as.connector.deployment] (MSC service thread 1-3) WFLYJCA0118: Binding connection factory named java:/JmsXA to alias java:jboss/DefaultJMSConnectionFactory
2023-12-13 20:56:50,417 INFO  [org.wildfly.extension.undertow] (ServerService Thread Pool -- 87) WFLYUT0021: Registered web context: '/jakartaee-hello-world' for server 'default-server'
2023-12-13 20:56:50,469 INFO  [org.jboss.as.server] (Controller Boot Thread) WFLYSRV0010: Deployed "jakartaee-hello-world" (runtime-name : "jakartaee-hello-world.war")
2023-12-13 20:56:50,501 INFO  [org.jboss.as.server] (Controller Boot Thread) WFLYSRV0212: Resuming server
2023-12-13 20:56:50,503 INFO  [org.jboss.as] (Controller Boot Thread) WFLYSRV0025: WildFly Full 27.0.1.Final (WildFly Core 19.0.1.Final) started in 4297ms - Started 415 of 667 services (376 services are lazy, passive or on-demand) - Server configuration file in use: standalone-full.xml
2023-12-13 20:56:50,505 INFO  [org.jboss.as] (Controller Boot Thread) WFLYSRV0060: Http management interface listening on http://127.0.0.1:9990/management
2023-12-13 20:56:50,506 INFO  [org.jboss.as] (Controller Boot Thread) WFLYSRV0051: Admin console listening on http://127.0.0.1:9990
2023-12-13 20:56:51,851 INFO  [org.wildfly.extension.undertow] (ServerService Thread Pool -- 87) WFLYUT0022: Unregistered web context: '/jakartaee-hello-world' from server 'default-server'
2023-12-13 20:56:51,872 INFO  [org.jboss.as.server.deployment] (MSC service thread 1-7) WFLYSRV0028: Stopped deployment jakartaee-hello-world (runtime-name: jakartaee-hello-world.war) in 23ms
2023-12-13 20:56:51,876 INFO  [org.jboss.as.server.deployment] (MSC service thread 1-3) WFLYSRV0027: Starting deployment of "jakartaee-hello-world" (runtime-name: "jakartaee-hello-world.war")
2023-12-13 20:56:51,995 INFO  [org.wildfly.extension.undertow] (ServerService Thread Pool -- 87) WFLYUT0021: Registered web context: '/jakartaee-hello-world' for server 'default-server'
2023-12-13 20:56:52,024 INFO  [org.jboss.as.server] (management-handler-thread - 1) WFLYSRV0016: Replaced deployment "jakartaee-hello-world.war" with deployment "jakartaee-hello-world.war"
2023-12-13 20:57:48,525 INFO  [org.hibernate.validator.internal.util.Version] (default task-1) HV000001: Hibernate Validator 8.0.0.Final
2023-12-13 20:58:20,171 INFO  [org.jboss.as.server] (management-handler-thread - 1) WFLYSRV0272: Suspending server
2023-12-13 20:58:20,172 INFO  [org.jboss.as.ejb3] (management-handler-thread - 1) WFLYEJB0493: Jakarta Enterprise Beans subsystem suspension complete
2023-12-13 20:58:20,175 INFO  [org.jboss.as.server] (Management Triggered Shutdown) WFLYSRV0241: Shutting down in response to management operation 'shutdown'
2023-12-13 20:58:20,177 INFO  [org.wildfly.extension.undertow] (ServerService Thread Pool -- 87) WFLYUT0022: Unregistered web context: '/jakartaee-hello-world' from server 'default-server'
2023-12-13 20:58:20,183 INFO  [org.jboss.as.mail.extension] (MSC service thread 1-3) WFLYMAIL0002: Unbound mail session [java:jboss/mail/Default]
2023-12-13 20:58:20,183 INFO  [org.wildfly.extension.undertow] (MSC service thread 1-8) WFLYUT0019: Host default-host stopping
2023-12-13 20:58:20,189 INFO  [org.jboss.as.connector.deployment] (MSC service thread 1-1) WFLYJCA0119: Unbinding connection factory named java:/JmsXA to alias java:jboss/DefaultJMSConnectionFactory
2023-12-13 20:58:20,189 INFO  [org.jboss.as.connector.subsystems.datasources] (MSC service thread 1-1) WFLYJCA0010: Unbound data source [java:jboss/datasources/ExampleDS]
2023-12-13 20:58:20,190 INFO  [org.jboss.as.connector.deployment] (MSC service thread 1-2) WFLYJCA0011: Unbound Jakarta Connectors ConnectionFactory [java:/JmsXA]
2023-12-13 20:58:20,191 INFO  [org.jboss.as.server.deployment] (MSC service thread 1-3) WFLYSRV0028: Stopped deployment jakartaee-hello-world (runtime-name: jakartaee-hello-world.war) in 11ms
2023-12-13 20:58:20,192 INFO  [org.wildfly.extension.undertow] (MSC service thread 1-8) WFLYUT0008: Undertow HTTPS listener https suspending
2023-12-13 20:58:20,193 INFO  [org.wildfly.extension.undertow] (MSC service thread 1-8) WFLYUT0007: Undertow HTTPS listener https stopped, was bound to 127.0.0.1:8443
2023-12-13 20:58:20,194 INFO  [org.jboss.as.connector.deployers.jdbc] (MSC service thread 1-5) WFLYJCA0019: Stopped Driver service with driver-name = h2
2023-12-13 20:58:20,202 INFO  [org.apache.activemq.artemis.ra.ActiveMQRALogger] (ServerService Thread Pool -- 91) AMQ151003: resource adaptor stopped
2023-12-13 20:58:20,449 INFO  [org.apache.activemq.artemis.core.server] (ServerService Thread Pool -- 91) AMQ221002: Apache ActiveMQ Artemis Message Broker version 2.26.0 [3705a6ed-9a12-11ee-bfb5-00155d92a8c3] stopped, uptime 1 minute
2023-12-13 20:58:20,450 INFO  [org.wildfly.extension.undertow] (MSC service thread 1-5) WFLYUT0008: Undertow HTTP listener default suspending
2023-12-13 20:58:20,450 INFO  [org.wildfly.extension.undertow] (MSC service thread 1-5) WFLYUT0007: Undertow HTTP listener default stopped, was bound to 127.0.0.1:8080
2023-12-13 20:58:20,451 INFO  [org.wildfly.extension.undertow] (MSC service thread 1-5) WFLYUT0004: Undertow 2.3.0.Final stopping
2023-12-13 20:58:20,456 INFO  [org.jboss.as] (MSC service thread 1-8) WFLYSRV0050: WildFly Full 27.0.1.Final (WildFly Core 19.0.1.Final) stopped in 277ms
2023-12-13 21:08:11,882 INFO  [org.jboss.modules] (main) JBoss Modules version 2.0.3.Final
2023-12-13 21:08:12,263 INFO  [org.jboss.msc] (main) JBoss MSC version 1.4.13.Final
2023-12-13 21:08:12,269 INFO  [org.jboss.threads] (main) JBoss Threads version 2.4.0.Final
2023-12-13 21:08:12,347 INFO  [org.jboss.as] (MSC service thread 1-2) WFLYSRV0049: WildFly Full 27.0.1.Final (WildFly Core 19.0.1.Final) starting
2023-12-13 21:08:12,348 DEBUG [org.jboss.as.config] (MSC service thread 1-2) Configured system properties:
	[Standalone] = 
	file.encoding = Cp1252
	file.separator = \
	java.awt.headless = true
	java.class.path = E:\programming\java\study\jakartaee-hello-world\target\server\jboss-modules.jar
	java.class.version = 61.0
	java.home = C:\Program Files\Java\jdk-17.0.2
	java.io.tmpdir = C:\Users\heber\AppData\Local\Temp\
	java.library.path = C:\Program Files\Java\jdk-17.0.2\bin;C:\Windows\Sun\Java\bin;C:\Windows\system32;C:\Windows;C:\Program Files\Common Files\Oracle\Java\javapath;C:\Windows\system32;C:\Windows;C:\Windows\System32\Wbem;C:\Windows\System32\WindowsPowerShell\v1.0\;C:\Windows\System32\OpenSSH\;C:\ProgramData\chocolatey\bin;C:\Program Files\nodejs\;C:\Program Files\Git\cmd;C:\Program Files\Docker\Docker\resources\bin;C:\Program Files\NVIDIA Corporation\NVIDIA NvDLISR;C:\Program Files (x86)\NVIDIA Corporation\PhysX\Common;D:\apache-maven-3.9.6\bin;C:\Users\heber\AppData\Local\Microsoft\WindowsApps;C:\Users\heber\AppData\Roaming\npm;C:\Users\heber\AppData\Local\Programs\Microsoft VS Code\bin;;.
	java.net.preferIPv4Stack = true
	java.runtime.name = Java(TM) SE Runtime Environment
	java.runtime.version = 17.0.2+8-LTS-86
	java.security.manager = allow
	java.specification.name = Java Platform API Specification
	java.specification.vendor = Oracle Corporation
	java.specification.version = 17
	java.util.logging.manager = org.jboss.logmanager.LogManager
	java.vendor = Oracle Corporation
	java.vendor.url = https://java.oracle.com/
	java.vendor.url.bug = https://bugreport.java.com/bugreport/
	java.version = 17.0.2
	java.version.date = 2022-01-18
	java.vm.compressedOopsMode = 32-bit
	java.vm.info = mixed mode, sharing
	java.vm.name = Java HotSpot(TM) 64-Bit Server VM
	java.vm.specification.name = Java Virtual Machine Specification
	java.vm.specification.vendor = Oracle Corporation
	java.vm.specification.version = 17
	java.vm.vendor = Oracle Corporation
	java.vm.version = 17.0.2+8-LTS-86
	javax.management.builder.initial = org.jboss.as.jmx.PluggableMBeanServerBuilder
	jboss.home.dir = E:\programming\java\study\jakartaee-hello-world\target\server
	jboss.host.name = heberty
	jboss.modules.dir = E:\programming\java\study\jakartaee-hello-world\target\server\modules
	jboss.modules.system.pkgs = org.jboss.byteman
	jboss.node.name = heberty
	jboss.qualified.host.name = heberty
	jboss.server.base.dir = E:\programming\java\study\jakartaee-hello-world\target\server\standalone
	jboss.server.config.dir = E:\programming\java\study\jakartaee-hello-world\target\server\standalone\configuration
	jboss.server.data.dir = E:\programming\java\study\jakartaee-hello-world\target\server\standalone\data
	jboss.server.deploy.dir = E:\programming\java\study\jakartaee-hello-world\target\server\standalone\data\content
	jboss.server.log.dir = E:\programming\java\study\jakartaee-hello-world\target\server\standalone\log
	jboss.server.name = heberty
	jboss.server.persist.config = true
	jboss.server.temp.dir = E:\programming\java\study\jakartaee-hello-world\target\server\standalone\tmp
	jdk.debug = release
	line.separator = 

	logging.configuration = file:E:\programming\java\study\jakartaee-hello-world\target\server\standalone\configuration\logging.properties
	module.path = E:\programming\java\study\jakartaee-hello-world\target\server\modules
	native.encoding = Cp1252
	org.jboss.boot.log.file = E:\programming\java\study\jakartaee-hello-world\target\server\standalone\log\server.log
	org.jboss.resolver.warning = true
	os.arch = amd64
	os.name = Windows 11
	os.version = 10.0
	path.separator = ;
	sun.arch.data.model = 64
	sun.boot.library.path = C:\Program Files\Java\jdk-17.0.2\bin
	sun.cpu.endian = little
	sun.cpu.isalist = amd64
	sun.io.unicode.encoding = UnicodeLittle
	sun.java.command = E:\programming\java\study\jakartaee-hello-world\target\server\jboss-modules.jar -mp E:\programming\java\study\jakartaee-hello-world\target\server\modules org.jboss.as.standalone -c=standalone-full.xml
	sun.java.launcher = SUN_STANDARD
	sun.jnu.encoding = Cp1252
	sun.management.compiler = HotSpot 64-Bit Tiered Compilers
	sun.os.patch.level = 
	sun.stderr.encoding = cp850
	sun.stdout.encoding = cp850
	user.country = GB
	user.country.format = BR
	user.dir = E:\programming\java\study\jakartaee-hello-world
	user.home = C:\Users\heber
	user.language = en
	user.language.format = pt
	user.name = heber
	user.script = 
	user.timezone = America/Sao_Paulo
	user.variant = 
2023-12-13 21:08:12,350 DEBUG [org.jboss.as.config] (MSC service thread 1-2) VM Arguments: -D[Standalone] -Xms64m -Xmx512m -Djava.net.preferIPv4Stack=true -Djava.awt.headless=true -Djboss.modules.system.pkgs=org.jboss.byteman --add-exports=java.base/sun.nio.ch=ALL-UNNAMED --add-exports=jdk.unsupported/sun.reflect=ALL-UNNAMED --add-exports=jdk.unsupported/sun.misc=ALL-UNNAMED --add-modules=java.se --add-exports=java.desktop/sun.awt=ALL-UNNAMED --add-exports=java.naming/com.sun.jndi.ldap=ALL-UNNAMED --add-exports=java.naming/com.sun.jndi.url.ldap=ALL-UNNAMED --add-exports=java.naming/com.sun.jndi.url.ldaps=ALL-UNNAMED --add-exports=jdk.naming.dns/com.sun.jndi.dns=ALL-UNNAMED --add-opens=java.base/java.lang=ALL-UNNAMED --add-opens=java.base/java.lang.invoke=ALL-UNNAMED --add-opens=java.base/java.lang.reflect=ALL-UNNAMED --add-opens=java.base/java.io=ALL-UNNAMED --add-opens=java.base/java.security=ALL-UNNAMED --add-opens=java.base/java.util=ALL-UNNAMED --add-opens=java.base/java.util.concurrent=ALL-UNNAMED --add-opens=java.management/javax.management=ALL-UNNAMED --add-opens=java.naming/javax.naming=ALL-UNNAMED --add-modules=java.se -Djava.security.manager=allow -Djboss.home.dir=E:\programming\java\study\jakartaee-hello-world\target\server -Djboss.server.base.dir=E:\programming\java\study\jakartaee-hello-world\target\server\standalone -Djboss.server.log.dir=E:\programming\java\study\jakartaee-hello-world\target\server\standalone\log -Djboss.server.config.dir=E:\programming\java\study\jakartaee-hello-world\target\server\standalone\configuration -Dorg.jboss.boot.log.file=E:\programming\java\study\jakartaee-hello-world\target\server\standalone\log\server.log -Dlogging.configuration=file:E:\programming\java\study\jakartaee-hello-world\target\server\standalone\configuration\logging.properties 
2023-12-13 21:08:12,898 INFO  [org.wildfly.security] (ServerService Thread Pool -- 28) ELY00001: WildFly Elytron version 2.0.0.Final
2023-12-13 21:08:13,147 WARN  [org.jboss.as.controller] (ServerService Thread Pool -- 4) WFLYCTL0481: The runtime dependency package 'io.smallrye.opentracing-contrib' is already registered at location '/subsystem=microprofile-opentracing-smallrye'
2023-12-13 21:08:13,147 WARN  [org.jboss.as.controller] (ServerService Thread Pool -- 4) WFLYCTL0481: The runtime dependency package 'io.smallrye.opentracing-contrib' is already registered at location '/subsystem=microprofile-opentracing-smallrye'
2023-12-13 21:08:13,461 INFO  [org.jboss.as.controller.management-deprecated] (ServerService Thread Pool -- 24) WFLYCTL0028: Attribute 'cluster' in the resource at address '/subsystem=ejb3/service=remote' is deprecated, and may be removed in a future version. See the attribute description in the output of the read-resource-description operation to learn more about the deprecation.
2023-12-13 21:08:13,542 INFO  [org.jboss.as.server] (Controller Boot Thread) WFLYSRV0039: Creating http management service using socket-binding (management-http)
2023-12-13 21:08:13,553 INFO  [org.xnio] (MSC service thread 1-4) XNIO version 3.8.8.Final
2023-12-13 21:08:13,560 INFO  [org.xnio.nio] (MSC service thread 1-4) XNIO NIO Implementation Version 3.8.8.Final
2023-12-13 21:08:13,619 WARN  [org.jboss.as.txn] (ServerService Thread Pool -- 80) WFLYTX0013: The node-identifier attribute on the /subsystem=transactions is set to the default value. This is a danger for environments running multiple servers. Please make sure the attribute value is unique.
2023-12-13 21:08:13,628 INFO  [org.jboss.as.jaxrs] (ServerService Thread Pool -- 61) WFLYRS0016: RESTEasy version 6.2.1.Final
2023-12-13 21:08:13,654 INFO  [org.wildfly.extension.microprofile.jwt.smallrye] (ServerService Thread Pool -- 71) WFLYJWT0001: Activating MicroProfile JWT Subsystem
2023-12-13 21:08:13,661 INFO  [org.wildfly.extension.health] (ServerService Thread Pool -- 57) WFLYHEALTH0001: Activating Base Health Subsystem
2023-12-13 21:08:13,661 INFO  [org.wildfly.extension.microprofile.config.smallrye] (ServerService Thread Pool -- 70) WFLYCONF0001: Activating MicroProfile Config Subsystem
2023-12-13 21:08:13,663 INFO  [org.wildfly.extension.elytron.oidc._private] (ServerService Thread Pool -- 56) WFLYOIDC0001: Activating WildFly Elytron OIDC Subsystem
2023-12-13 21:08:13,668 INFO  [org.jboss.as.clustering.infinispan] (ServerService Thread Pool -- 59) WFLYCLINF0001: Activating Infinispan subsystem.
2023-12-13 21:08:13,703 INFO  [org.wildfly.extension.microprofile.opentracing] (ServerService Thread Pool -- 72) WFLYTRACEXT0001: Activating MicroProfile OpenTracing Subsystem
2023-12-13 21:08:13,712 INFO  [org.jboss.as.jsf] (ServerService Thread Pool -- 66) WFLYJSF0007: Activated the following Jakarta Server Faces Implementations: [main]
2023-12-13 21:08:13,715 INFO  [org.wildfly.extension.metrics] (ServerService Thread Pool -- 69) WFLYMETRICS0001: Activating Base Metrics Subsystem
2023-12-13 21:08:13,737 INFO  [org.jboss.as.naming] (ServerService Thread Pool -- 73) WFLYNAM0001: Activating Naming Subsystem
2023-12-13 21:08:13,737 INFO  [org.jboss.as.webservices] (ServerService Thread Pool -- 82) WFLYWS0002: Activating WebServices Extension
2023-12-13 21:08:13,743 INFO  [org.wildfly.extension.undertow] (MSC service thread 1-1) WFLYUT0003: Undertow 2.3.0.Final starting
2023-12-13 21:08:13,744 INFO  [org.wildfly.iiop.openjdk] (ServerService Thread Pool -- 58) WFLYIIOP0001: Activating IIOP Subsystem
2023-12-13 21:08:13,773 INFO  [org.jboss.as.connector] (MSC service thread 1-8) WFLYJCA0009: Starting Jakarta Connectors Subsystem (WildFly/IronJacamar 1.5.9.Final)
2023-12-13 21:08:13,845 INFO  [org.wildfly.extension.io] (ServerService Thread Pool -- 60) WFLYIO001: Worker 'default' has auto-configured to 12 IO threads with 96 max task threads based on your 6 available processors
2023-12-13 21:08:13,864 INFO  [org.jboss.as.connector.subsystems.datasources] (ServerService Thread Pool -- 47) WFLYJCA0004: Deploying JDBC-compliant driver class org.h2.Driver (version 2.1)
2023-12-13 21:08:13,884 INFO  [org.jboss.as.naming] (MSC service thread 1-7) WFLYNAM0003: Starting Naming Service
2023-12-13 21:08:13,902 INFO  [org.jboss.as.connector.deployers.jdbc] (MSC service thread 1-2) WFLYJCA0018: Started Driver service with driver-name = h2
2023-12-13 21:08:13,919 INFO  [org.jboss.as.mail.extension] (MSC service thread 1-5) WFLYMAIL0001: Bound mail session [java:jboss/mail/Default]
2023-12-13 21:08:14,002 WARN  [org.wildfly.extension.elytron] (MSC service thread 1-8) WFLYELY00023: KeyStore file 'E:\programming\java\study\jakartaee-hello-world\target\server\standalone\configuration\application.keystore' does not exist. Used blank.
2023-12-13 21:08:14,030 INFO  [org.jboss.remoting] (MSC service thread 1-6) JBoss Remoting version 5.0.26.Final
2023-12-13 21:08:14,034 INFO  [org.wildfly.extension.undertow] (ServerService Thread Pool -- 81) WFLYUT0014: Creating file handler for path 'E:\programming\java\study\jakartaee-hello-world\target\server/welcome-content' with options [directory-listing: 'false', follow-symlink: 'false', case-sensitive: 'true', safe-symlink-paths: '[]']
2023-12-13 21:08:14,036 WARN  [org.wildfly.extension.elytron] (MSC service thread 1-8) WFLYELY01084: KeyStore E:\programming\java\study\jakartaee-hello-world\target\server\standalone\configuration\application.keystore not found, it will be auto generated on first use with a self-signed certificate for host localhost
2023-12-13 21:08:14,109 INFO  [org.jboss.as.ejb3] (MSC service thread 1-3) WFLYEJB0482: Strict pool mdb-strict-max-pool is using a max instance size of 24 (per class), which is derived from the number of CPUs on this host.
2023-12-13 21:08:14,109 INFO  [org.jboss.as.ejb3] (MSC service thread 1-1) WFLYEJB0481: Strict pool slsb-strict-max-pool is using a max instance size of 96 (per class), which is derived from thread worker pool sizing.
2023-12-13 21:08:14,124 INFO  [org.wildfly.extension.undertow] (MSC service thread 1-5) WFLYUT0012: Started server default-server.
2023-12-13 21:08:14,141 INFO  [org.wildfly.extension.undertow] (MSC service thread 1-6) Queuing requests.
2023-12-13 21:08:14,148 INFO  [org.wildfly.extension.undertow] (MSC service thread 1-6) WFLYUT0018: Host default-host starting
2023-12-13 21:08:14,278 INFO  [org.wildfly.extension.undertow] (MSC service thread 1-3) WFLYUT0006: Undertow HTTP listener default listening on 127.0.0.1:8080
2023-12-13 21:08:14,350 INFO  [org.wildfly.extension.undertow] (MSC service thread 1-5) WFLYUT0006: Undertow HTTPS listener https listening on 127.0.0.1:8443
2023-12-13 21:08:14,396 INFO  [org.jboss.as.server.deployment] (MSC service thread 1-1) WFLYSRV0027: Starting deployment of "jakartaee-hello-world" (runtime-name: "jakartaee-hello-world.war")
2023-12-13 21:08:14,422 INFO  [org.jboss.as.patching] (MSC service thread 1-5) WFLYPAT0050: WildFly Full cumulative patch ID is: base, one-off patches include: none
2023-12-13 21:08:14,424 INFO  [org.jboss.as.server.deployment.scanner] (MSC service thread 1-8) WFLYDS0013: Started FileSystemDeploymentService for directory E:\programming\java\study\jakartaee-hello-world\target\server\standalone\deployments
2023-12-13 21:08:14,440 INFO  [org.wildfly.extension.messaging-activemq] (MSC service thread 1-7) WFLYMSGAMQ0001: AIO wasn't located on this platform, it will fall back to using pure Java NIO.
2023-12-13 21:08:14,474 INFO  [org.jboss.as.ejb3] (MSC service thread 1-8) WFLYEJB0493: Jakarta Enterprise Beans subsystem suspension complete
2023-12-13 21:08:14,548 INFO  [org.jboss.ws.common.management] (MSC service thread 1-4) JBWS022052: Starting JBossWS 6.1.0.Final (Apache CXF 3.5.2.jbossorg-4) 
2023-12-13 21:08:14,584 INFO  [org.jboss.as.connector.subsystems.datasources] (MSC service thread 1-3) WFLYJCA0001: Bound data source [java:jboss/datasources/ExampleDS]
2023-12-13 21:08:14,598 INFO  [org.apache.activemq.artemis.core.server] (ServerService Thread Pool -- 84) AMQ221000: live Message Broker is starting with configuration Broker Configuration (clustered=false,journalDirectory=E:\programming\java\study\jakartaee-hello-world\target\server\standalone\data\activemq\journal,bindingsDirectory=E:\programming\java\study\jakartaee-hello-world\target\server\standalone\data\activemq\bindings,largeMessagesDirectory=E:\programming\java\study\jakartaee-hello-world\target\server\standalone\data\activemq\largemessages,pagingDirectory=E:\programming\java\study\jakartaee-hello-world\target\server\standalone\data\activemq\paging)
2023-12-13 21:08:14,697 INFO  [org.wildfly.iiop.openjdk] (MSC service thread 1-2) WFLYIIOP0009: CORBA ORB Service started
2023-12-13 21:08:14,698 INFO  [org.apache.activemq.artemis.core.server] (ServerService Thread Pool -- 84) AMQ221013: Using NIO Journal
2023-12-13 21:08:14,795 INFO  [org.apache.activemq.artemis.core.server] (ServerService Thread Pool -- 84) AMQ221043: Protocol module found: [artemis-server]. Adding protocol support for: CORE
2023-12-13 21:08:14,799 INFO  [org.apache.activemq.artemis.core.server] (ServerService Thread Pool -- 84) AMQ221043: Protocol module found: [artemis-amqp-protocol]. Adding protocol support for: AMQP
2023-12-13 21:08:14,801 INFO  [org.apache.activemq.artemis.core.server] (ServerService Thread Pool -- 84) AMQ221043: Protocol module found: [artemis-hornetq-protocol]. Adding protocol support for: HORNETQ
2023-12-13 21:08:14,802 INFO  [org.apache.activemq.artemis.core.server] (ServerService Thread Pool -- 84) AMQ221043: Protocol module found: [artemis-stomp-protocol]. Adding protocol support for: STOMP
2023-12-13 21:08:14,913 INFO  [org.apache.activemq.artemis.core.server] (ServerService Thread Pool -- 84) AMQ221034: Waiting indefinitely to obtain live lock
2023-12-13 21:08:14,913 INFO  [org.apache.activemq.artemis.core.server] (ServerService Thread Pool -- 84) AMQ221035: Live Server Obtained live lock
2023-12-13 21:08:15,287 INFO  [org.apache.activemq.artemis.core.server] (ServerService Thread Pool -- 84) AMQ221003: Deploying ANYCAST queue jms.queue.ExpiryQueue on address jms.queue.ExpiryQueue
2023-12-13 21:08:15,292 INFO  [org.apache.activemq.artemis.core.server] (ServerService Thread Pool -- 84) AMQ221003: Deploying ANYCAST queue jms.queue.DLQ on address jms.queue.DLQ
2023-12-13 21:08:15,294 INFO  [org.wildfly.extension.messaging-activemq] (MSC service thread 1-2) WFLYMSGAMQ0016: Registered HTTP upgrade for activemq-remoting protocol handled by http-acceptor acceptor
2023-12-13 21:08:15,294 INFO  [org.wildfly.extension.messaging-activemq] (MSC service thread 1-3) WFLYMSGAMQ0016: Registered HTTP upgrade for activemq-remoting protocol handled by http-acceptor acceptor
2023-12-13 21:08:15,294 INFO  [org.wildfly.extension.messaging-activemq] (MSC service thread 1-1) WFLYMSGAMQ0016: Registered HTTP upgrade for activemq-remoting protocol handled by http-acceptor-throughput acceptor
2023-12-13 21:08:15,294 INFO  [org.wildfly.extension.messaging-activemq] (MSC service thread 1-8) WFLYMSGAMQ0016: Registered HTTP upgrade for activemq-remoting protocol handled by http-acceptor-throughput acceptor
2023-12-13 21:08:15,555 INFO  [org.apache.activemq.artemis.core.server] (ServerService Thread Pool -- 84) AMQ221007: Server is now live
2023-12-13 21:08:15,555 INFO  [org.apache.activemq.artemis.core.server] (ServerService Thread Pool -- 84) AMQ221001: Apache ActiveMQ Artemis Message Broker version 2.26.0 [default, nodeID=3705a6ed-9a12-11ee-bfb5-00155d92a8c3] 
2023-12-13 21:08:15,564 INFO  [org.wildfly.extension.messaging-activemq] (ServerService Thread Pool -- 84) WFLYMSGAMQ0002: Bound messaging object to jndi name java:jboss/exported/jms/RemoteConnectionFactory
2023-12-13 21:08:15,574 INFO  [org.wildfly.extension.messaging-activemq] (ServerService Thread Pool -- 85) WFLYMSGAMQ0002: Bound messaging object to jndi name java:/ConnectionFactory
2023-12-13 21:08:15,607 INFO  [org.jboss.as.connector.deployment] (MSC service thread 1-5) WFLYJCA0007: Registered connection factory java:/JmsXA
2023-12-13 21:08:15,656 INFO  [org.apache.activemq.artemis.ra.ActiveMQRALogger] (MSC service thread 1-5) AMQ151007: Resource adaptor started
2023-12-13 21:08:15,656 INFO  [org.jboss.as.connector.services.resourceadapters.ResourceAdapterActivatorService$ResourceAdapterActivator] (MSC service thread 1-5) IJ020002: Deployed: file://RaActivatoractivemq-ra
2023-12-13 21:08:15,657 INFO  [org.jboss.as.connector.deployment] (MSC service thread 1-2) WFLYJCA0002: Bound Jakarta Connectors ConnectionFactory [java:/JmsXA]
2023-12-13 21:08:15,657 INFO  [org.jboss.as.connector.deployment] (MSC service thread 1-8) WFLYJCA0118: Binding connection factory named java:/JmsXA to alias java:jboss/DefaultJMSConnectionFactory
2023-12-13 21:08:15,707 INFO  [org.wildfly.extension.undertow] (ServerService Thread Pool -- 85) WFLYUT0021: Registered web context: '/jakartaee-hello-world' for server 'default-server'
2023-12-13 21:08:15,762 INFO  [org.jboss.as.server] (Controller Boot Thread) WFLYSRV0010: Deployed "jakartaee-hello-world" (runtime-name : "jakartaee-hello-world.war")
2023-12-13 21:08:15,806 INFO  [org.jboss.as.server] (Controller Boot Thread) WFLYSRV0212: Resuming server
2023-12-13 21:08:15,808 INFO  [org.jboss.as] (Controller Boot Thread) WFLYSRV0025: WildFly Full 27.0.1.Final (WildFly Core 19.0.1.Final) started in 4141ms - Started 415 of 667 services (376 services are lazy, passive or on-demand) - Server configuration file in use: standalone-full.xml
2023-12-13 21:08:15,810 INFO  [org.jboss.as] (Controller Boot Thread) WFLYSRV0060: Http management interface listening on http://127.0.0.1:9990/management
2023-12-13 21:08:15,810 INFO  [org.jboss.as] (Controller Boot Thread) WFLYSRV0051: Admin console listening on http://127.0.0.1:9990
2023-12-13 21:08:16,484 INFO  [org.wildfly.extension.undertow] (ServerService Thread Pool -- 85) WFLYUT0022: Unregistered web context: '/jakartaee-hello-world' from server 'default-server'
2023-12-13 21:08:16,501 INFO  [org.jboss.as.server.deployment] (MSC service thread 1-5) WFLYSRV0028: Stopped deployment jakartaee-hello-world (runtime-name: jakartaee-hello-world.war) in 19ms
2023-12-13 21:08:16,504 INFO  [org.jboss.as.server.deployment] (MSC service thread 1-5) WFLYSRV0027: Starting deployment of "jakartaee-hello-world" (runtime-name: "jakartaee-hello-world.war")
2023-12-13 21:08:16,601 INFO  [org.wildfly.extension.undertow] (ServerService Thread Pool -- 85) WFLYUT0021: Registered web context: '/jakartaee-hello-world' for server 'default-server'
2023-12-13 21:08:16,632 INFO  [org.jboss.as.server] (management-handler-thread - 1) WFLYSRV0016: Replaced deployment "jakartaee-hello-world.war" with deployment "jakartaee-hello-world.war"
2023-12-13 21:08:20,955 INFO  [org.jboss.as.server] (Thread-1) WFLYSRV0272: Suspending server
2023-12-13 21:08:20,957 INFO  [org.jboss.as.ejb3] (Thread-1) WFLYEJB0493: Jakarta Enterprise Beans subsystem suspension complete
2023-12-13 21:08:20,959 INFO  [org.jboss.as.server] (Thread-1) WFLYSRV0220: Server shutdown has been requested via an OS signal
2023-12-13 21:08:20,965 INFO  [org.wildfly.extension.messaging-activemq] (MSC service thread 1-7) WFLYMSGAMQ0006: Unbound messaging object to jndi name java:/ConnectionFactory
2023-12-13 21:08:20,965 INFO  [org.jboss.as.mail.extension] (MSC service thread 1-8) WFLYMAIL0002: Unbound mail session [java:jboss/mail/Default]
2023-12-13 21:08:20,966 INFO  [org.wildfly.extension.undertow] (ServerService Thread Pool -- 36) WFLYUT0022: Unregistered web context: '/jakartaee-hello-world' from server 'default-server'
2023-12-13 21:08:20,968 INFO  [org.wildfly.extension.undertow] (MSC service thread 1-2) WFLYUT0019: Host default-host stopping
2023-12-13 21:08:20,971 INFO  [org.jboss.as.connector.deployment] (MSC service thread 1-1) WFLYJCA0119: Unbinding connection factory named java:/JmsXA to alias java:jboss/DefaultJMSConnectionFactory
2023-12-13 21:08:20,971 INFO  [org.jboss.as.connector.subsystems.datasources] (MSC service thread 1-3) WFLYJCA0010: Unbound data source [java:jboss/datasources/ExampleDS]
2023-12-13 21:08:20,971 INFO  [org.jboss.as.connector.deployment] (MSC service thread 1-2) WFLYJCA0011: Unbound Jakarta Connectors ConnectionFactory [java:/JmsXA]
2023-12-13 21:08:20,972 INFO  [org.jboss.as.server.deployment] (MSC service thread 1-2) WFLYSRV0028: Stopped deployment jakartaee-hello-world (runtime-name: jakartaee-hello-world.war) in 11ms
2023-12-13 21:08:20,974 INFO  [org.wildfly.extension.undertow] (MSC service thread 1-3) WFLYUT0008: Undertow HTTPS listener https suspending
2023-12-13 21:08:20,975 INFO  [org.wildfly.extension.undertow] (MSC service thread 1-3) WFLYUT0007: Undertow HTTPS listener https stopped, was bound to 127.0.0.1:8443
2023-12-13 21:08:20,977 INFO  [org.jboss.as.connector.deployers.jdbc] (MSC service thread 1-3) WFLYJCA0019: Stopped Driver service with driver-name = h2
2023-12-13 21:08:20,988 INFO  [org.apache.activemq.artemis.ra.ActiveMQRALogger] (ServerService Thread Pool -- 36) AMQ151003: resource adaptor stopped
2023-12-13 21:08:21,662 INFO  [org.apache.activemq.artemis.core.server] (ServerService Thread Pool -- 36) AMQ221002: Apache ActiveMQ Artemis Message Broker version 2.26.0 [3705a6ed-9a12-11ee-bfb5-00155d92a8c3] stopped, uptime 7.108 seconds
2023-12-13 21:08:21,663 INFO  [org.wildfly.extension.undertow] (MSC service thread 1-4) WFLYUT0008: Undertow HTTP listener default suspending
2023-12-13 21:08:21,663 INFO  [org.wildfly.extension.undertow] (MSC service thread 1-4) WFLYUT0007: Undertow HTTP listener default stopped, was bound to 127.0.0.1:8080
2023-12-13 21:08:21,664 INFO  [org.wildfly.extension.undertow] (MSC service thread 1-3) WFLYUT0004: Undertow 2.3.0.Final stopping
2023-12-13 21:08:21,670 INFO  [org.jboss.as] (MSC service thread 1-2) WFLYSRV0050: WildFly Full 27.0.1.Final (WildFly Core 19.0.1.Final) stopped in 710ms
